<?xml version="1.0" encoding="UTF-8"?>
<!-- Generated by org.testng.reporters.JUnitXMLReporter -->
<testsuite ignored="3" hostname="DESKTOP-6BN3O0E" failures="0" tests="2" name="Car Loan" time="0.025" errors="0" timestamp="2023-09-09T12:13:41 IST">
  <testcase classname="test.Day3" name="WebloginCarLoan" time="0.002"/>
  <testcase classname="test.Day3" name="WebloginCarLoans" time="0.002"/>
  <testcase classname="test.Day3" name="MobilesignincarLoan" time="0.0">
    <ignored/>
  </testcase> <!-- MobilesignincarLoan -->
  <testcase classname="test.Day3" name="MobileLogincarLoan" time="0.0">
    <ignored/>
  </testcase> <!-- MobileLogincarLoan -->
  <testcase classname="test.Day3" name="Mobilesignotloan" time="0.0">
    <ignored/>
  </testcase> <!-- Mobilesignotloan -->
</testsuite> <!-- Car Loan -->
